Arguments: 
  C:\dev\Nodejs\node.exe C:\Program Files (x86)\Yarn\bin\yarn.js add --global create-react-app GoBarber-Web

PATH: 
  C:\Python27\;C:\Python27\Scripts;C:\ProgramData\DockerDesktop\version-bin;C:\Program Files\Docker\Docker\Resources\bin;C:\Windows\system32;C:\Windows;C:\Windows\System32\Wbem;C:\Windows\System32\WindowsPowerShell\v1.0\;C:\Windows\System32\OpenSSH\;C:\Program Files\Git\cmd;C:\Program Files\Intel\WiFi\bin\;C:\Program Files\Common Files\Intel\WirelessCommon\;C:\dev\Nodejs\;C:\ProgramData\chocolatey\bin;C:\Program Files (x86)\Yarn\bin\;C:\Users\rafae\AppData\Local\Microsoft\WindowsApps;C:\Users\rafae\AppData\Roaming\npm;C:\dev\Microsoft VS Code\bin;C:\Users\rafae\AppData\Local\Yarn\bin

Yarn version: 
  1.21.1

Node version: 
  12.14.0

Platform: 
  win32 x64

Trace: 
  Error: https://registry.yarnpkg.com/GoBarber-Web: Not found
      at Request.params.callback [as _callback] (C:\Program Files (x86)\Yarn\lib\cli.js:66056:18)
      at Request.self.callback (C:\Program Files (x86)\Yarn\lib\cli.js:140665:22)
      at Request.emit (events.js:210:5)
      at Request.<anonymous> (C:\Program Files (x86)\Yarn\lib\cli.js:141637:10)
      at Request.emit (events.js:210:5)
      at IncomingMessage.<anonymous> (C:\Program Files (x86)\Yarn\lib\cli.js:141559:12)
      at Object.onceWrapper (events.js:299:28)
      at IncomingMessage.emit (events.js:215:7)
      at endReadableNT (_stream_readable.js:1184:12)
      at processTicksAndRejections (internal/process/task_queues.js:80:21)

npm manifest: 
  {
    "name": "GoBarber",
    "version": "1.0.0",
    "description": "",
    "main": "index.js",
    "scripts": {
      "commit": "git-cz"
    },
    "keywords": [],
    "author": "",
    "license": "ISC",
    "husky": {
      "hooks": {
        "commit-msg": "commitlint -E HUSKY_GIT_PARAMS"
      }
    },
    "devDependencies": {
      "@commitlint/cli": "^8.3.4",
      "@commitlint/config-conventional": "^8.3.4",
      "add": "^2.0.6",
      "commitizen": "^4.0.3",
      "cz-conventional-changelog": "^3.0.2",
      "husky": "^4.0.6"
    },
    "config": {
      "commitizen": {
        "path": "./node_modules/cz-conventional-changelog"
      }
    }
  }

yarn manifest: 
  No manifest

Lockfile: 
  No lockfile
